Flow report for space_invaders
Wed May 01 02:07:45 2019
Quartus Prime Version 18.0.0 Build 614 04/24/2018 SJ Lite Edition


---------------------
; Table of Contents ;
---------------------
  1. Legal Notice
  2. Flow Summary
  3. Flow Settings
  4. Flow Non-Default Global Settings
  5. Flow Elapsed Time
  6. Flow OS Summary
  7. Flow Log
  8. Flow Messages
  9. Flow Suppressed Messages



----------------
; Legal Notice ;
----------------
Copyright (C) 2018  Intel Corporation. All rights reserved.
Your use of Intel Corporation's design tools, logic functions 
and other software and tools, and its AMPP partner logic 
functions, and any output files from any of the foregoing 
(including device programming or simulation files), and any 
associated documentation or information are expressly subject 
to the terms and conditions of the Intel Program License 
Subscription Agreement, the Intel Quartus Prime License Agreement,
the Intel FPGA IP License Agreement, or other applicable license
agreement, including, without limitation, that your use is for
the sole purpose of programming logic devices manufactured by
Intel and sold by Intel or its authorized distributors.  Please
refer to the applicable agreement for further details.



+----------------------------------------------------------------------------------+
; Flow Summary                                                                     ;
+------------------------------------+---------------------------------------------+
; Flow Status                        ; Successful - Wed May 01 02:07:45 2019       ;
; Quartus Prime Version              ; 18.0.0 Build 614 04/24/2018 SJ Lite Edition ;
; Revision Name                      ; space_invaders                              ;
; Top-level Entity Name              ; space_invaders                              ;
; Family                             ; Cyclone IV E                                ;
; Device                             ; EP4CE115F29C7                               ;
; Timing Models                      ; Final                                       ;
; Total logic elements               ; 4,304 / 114,480 ( 4 % )                     ;
;     Total combinational functions  ; 3,664 / 114,480 ( 3 % )                     ;
;     Dedicated logic registers      ; 2,278 / 114,480 ( 2 % )                     ;
; Total registers                    ; 2397                                        ;
; Total pins                         ; 128 / 529 ( 24 % )                          ;
; Total virtual pins                 ; 0                                           ;
; Total memory bits                  ; 11,392 / 3,981,312 ( < 1 % )                ;
; Embedded Multiplier 9-bit elements ; 0 / 532 ( 0 % )                             ;
; Total PLLs                         ; 2 / 4 ( 50 % )                              ;
+------------------------------------+---------------------------------------------+


+-----------------------------------------+
; Flow Settings                           ;
+-------------------+---------------------+
; Option            ; Setting             ;
+-------------------+---------------------+
; Start date & time ; 05/01/2019 02:06:02 ;
; Main task         ; Compilation         ;
; Revision Name     ; space_invaders      ;
+-------------------+---------------------+


+---------------------------------------------------------------------------------------------------------------------------------------------------------+
; Flow Non-Default Global Settings                                                                                                                        ;
+--------------------------------------+---------------------------------------------------------------+---------------+-----------------+----------------+
; Assignment Name                      ; Value                                                         ; Default Value ; Entity Name     ; Section Id     ;
+--------------------------------------+---------------------------------------------------------------+---------------+-----------------+----------------+
; COMPILER_SIGNATURE_ID                ; 13870907933117.155669436201608                                ; --            ; --              ; --             ;
; EDA_DESIGN_INSTANCE_NAME             ; NA                                                            ; --            ; --              ; testbench      ;
; EDA_NATIVELINK_SIMULATION_TEST_BENCH ; testbench                                                     ; --            ; --              ; eda_simulation ;
; EDA_OUTPUT_DATA_FORMAT               ; Systemverilog Hdl                                             ; --            ; --              ; eda_simulation ;
; EDA_SIMULATION_TOOL                  ; ModelSim-Altera (SystemVerilog)                               ; <None>        ; --              ; --             ;
; EDA_TEST_BENCH_ENABLE_STATUS         ; TEST_BENCH_MODE                                               ; --            ; --              ; eda_simulation ;
; EDA_TEST_BENCH_FILE                  ; testbench.sv                                                  ; --            ; --              ; testbench      ;
; EDA_TEST_BENCH_FILE                  ; sprite_rom.sv                                                 ; --            ; --              ; testbench      ;
; EDA_TEST_BENCH_MODULE_NAME           ; testbench                                                     ; --            ; --              ; testbench      ;
; EDA_TEST_BENCH_NAME                  ; testbench                                                     ; --            ; --              ; eda_simulation ;
; EDA_TEST_BENCH_RUN_SIM_FOR           ; 1000 ns                                                       ; --            ; --              ; testbench      ;
; EDA_TIME_SCALE                       ; 1 ps                                                          ; --            ; --              ; eda_simulation ;
; FLOW_ENABLE_POWER_ANALYZER           ; On                                                            ; Off           ; --              ; --             ;
; MAX_CORE_JUNCTION_TEMP               ; 85                                                            ; --            ; --              ; --             ;
; MIN_CORE_JUNCTION_TEMP               ; 0                                                             ; --            ; --              ; --             ;
; MISC_FILE                            ; nios_system/synthesis/../nios_system.cmp                      ; --            ; --              ; --             ;
; MISC_FILE                            ; nios_system/synthesis/../../nios_system.qsys                  ; --            ; --              ; --             ;
; MISC_FILE                            ; vga_clk.ppf                                                   ; --            ; --              ; --             ;
; NOMINAL_CORE_SUPPLY_VOLTAGE          ; 1.2V                                                          ; --            ; --              ; --             ;
; PARTITION_COLOR                      ; -- (Not supported for targeted family)                        ; --            ; DE2_115_Default ; Top            ;
; PARTITION_COLOR                      ; -- (Not supported for targeted family)                        ; --            ; lab8            ; Top            ;
; PARTITION_COLOR                      ; -- (Not supported for targeted family)                        ; --            ; --              ; Top            ;
; PARTITION_FITTER_PRESERVATION_LEVEL  ; -- (Not supported for targeted family)                        ; --            ; DE2_115_Default ; Top            ;
; PARTITION_FITTER_PRESERVATION_LEVEL  ; -- (Not supported for targeted family)                        ; --            ; lab8            ; Top            ;
; PARTITION_FITTER_PRESERVATION_LEVEL  ; -- (Not supported for targeted family)                        ; --            ; --              ; Top            ;
; PARTITION_NETLIST_TYPE               ; -- (Not supported for targeted family)                        ; --            ; DE2_115_Default ; Top            ;
; PARTITION_NETLIST_TYPE               ; -- (Not supported for targeted family)                        ; --            ; lab8            ; Top            ;
; PARTITION_NETLIST_TYPE               ; -- (Not supported for targeted family)                        ; --            ; --              ; Top            ;
; POWER_BOARD_THERMAL_MODEL            ; None (CONSERVATIVE)                                           ; --            ; --              ; --             ;
; POWER_DEFAULT_INPUT_IO_TOGGLE_RATE   ; 12.5 %                                                        ; 12.5%         ; --              ; --             ;
; POWER_PRESET_COOLING_SOLUTION        ; 23 MM HEAT SINK WITH 200 LFPM AIRFLOW                         ; --            ; --              ; --             ;
; PROJECT_OUTPUT_DIRECTORY             ; output_files                                                  ; --            ; --              ; --             ;
; SLD_FILE                             ; nios_system/synthesis/nios_system.regmap                      ; --            ; --              ; --             ;
; SLD_FILE                             ; nios_system/synthesis/nios_system.debuginfo                   ; --            ; --              ; --             ;
; SLD_INFO                             ; QSYS_NAME nios_system HAS_SOPCINFO 1 GENERATION_ID 1554763823 ; --            ; nios_system     ; --             ;
; SOPCINFO_FILE                        ; nios_system/synthesis/../../nios_system.sopcinfo              ; --            ; --              ; --             ;
; SYNTHESIS_ONLY_QIP                   ; On                                                            ; --            ; --              ; --             ;
+--------------------------------------+---------------------------------------------------------------+---------------+-----------------+----------------+


+--------------------------------------------------------------------------------------------------------------------------+
; Flow Elapsed Time                                                                                                        ;
+----------------------+--------------+-------------------------+---------------------+------------------------------------+
; Module Name          ; Elapsed Time ; Average Processors Used ; Peak Virtual Memory ; Total CPU Time (on all processors) ;
+----------------------+--------------+-------------------------+---------------------+------------------------------------+
; Analysis & Synthesis ; 00:00:42     ; 1.0                     ; 5046 MB             ; 00:01:10                           ;
; Fitter               ; 00:00:28     ; 1.1                     ; 6837 MB             ; 00:01:10                           ;
; Assembler            ; 00:00:04     ; 1.0                     ; 4725 MB             ; 00:00:04                           ;
; Power Analyzer       ; 00:00:09     ; 1.2                     ; 5115 MB             ; 00:00:10                           ;
; Timing Analyzer      ; 00:00:04     ; 1.6                     ; 5063 MB             ; 00:00:05                           ;
; EDA Netlist Writer   ; 00:00:07     ; 1.0                     ; 4748 MB             ; 00:00:06                           ;
; Total                ; 00:01:34     ; --                      ; --                  ; 00:02:45                           ;
+----------------------+--------------+-------------------------+---------------------+------------------------------------+


+------------------------------------------------------------------------------------+
; Flow OS Summary                                                                    ;
+----------------------+------------------+------------+------------+----------------+
; Module Name          ; Machine Hostname ; OS Name    ; OS Version ; Processor type ;
+----------------------+------------------+------------+------------+----------------+
; Analysis & Synthesis ; hacktower        ; Windows 10 ; 10.0       ; x86_64         ;
; Fitter               ; hacktower        ; Windows 10 ; 10.0       ; x86_64         ;
; Assembler            ; hacktower        ; Windows 10 ; 10.0       ; x86_64         ;
; Power Analyzer       ; hacktower        ; Windows 10 ; 10.0       ; x86_64         ;
; Timing Analyzer      ; hacktower        ; Windows 10 ; 10.0       ; x86_64         ;
; EDA Netlist Writer   ; hacktower        ; Windows 10 ; 10.0       ; x86_64         ;
+----------------------+------------------+------------+------------+----------------+


------------
; Flow Log ;
------------
quartus_map --read_settings_files=on --write_settings_files=off space_invaders -c space_invaders
quartus_fit --read_settings_files=off --write_settings_files=off space_invaders -c space_invaders
quartus_asm --read_settings_files=off --write_settings_files=off space_invaders -c space_invaders
quartus_pow --read_settings_files=off --write_settings_files=off space_invaders -c space_invaders
quartus_sta space_invaders -c space_invaders
quartus_eda --read_settings_files=off --write_settings_files=off space_invaders -c space_invaders



